<?xml version="1.0" encoding="UTF-8"?>
<!-- Generated by org.testng.reporters.JUnitReportReporter -->
<testsuite hostname="DESKTOP-HN5IFF8" failures="0" tests="5" name="com.test.Scenario3" time="6.965" errors="0" timestamp="2021-10-30T19:25:13 IST" skipped="0">
  <testcase classname="com.test.Scenario3" name="invalidKeyPostStation_401" time="2.194"/>
  <system-out/>
  <testcase classname="com.test.Scenario3" name="validatePostStation_201" time="1.219"/>
  <system-out/>
  <testcase classname="com.test.Scenario3" name="validateGetStation" time="1.041"/>
  <system-out/>
  <testcase classname="com.test.Scenario3" name="validateDeleteStation_204" time="1.121"/>
  <system-out/>
  <testcase classname="com.test.Scenario3" name="validateDeleteStation_404" time="1.390"/>
  <system-out/>
</testsuite> <!-- com.test.Scenario3 -->
