<?xml version="1.0" encoding="UTF-8"?>
<!-- Generated by org.testng.reporters.JUnitReportReporter -->
<testsuite hostname="DESKTOP-HN5IFF8" failures="0" tests="5" name="com.qa.apitest.RestAssuredTest" time="5.771" errors="0" timestamp="2021-09-08T16:40:07 IST" skipped="0">
  <testcase classname="com.qa.apitest.RestAssuredTest" name="invalidKeyPostStation_401" time="2.705"/>
  <system-out/>
  <testcase classname="com.qa.apitest.RestAssuredTest" name="validatePostStation_201" time="0.916"/>
  <system-out/>
  <testcase classname="com.qa.apitest.RestAssuredTest" name="validateGetStation" time="0.573"/>
  <system-out/>
  <testcase classname="com.qa.apitest.RestAssuredTest" name="validateDeleteStation_204" time="0.701"/>
  <system-out/>
  <testcase classname="com.qa.apitest.RestAssuredTest" name="validateDeleteStation_404" time="0.876"/>
  <system-out/>
</testsuite> <!-- com.qa.apitest.RestAssuredTest -->
