<?xml version="1.0" encoding="UTF-8"?>
<!-- Generated by org.testng.reporters.JUnitReportReporter -->
<testsuite hostname="DESKTOP-HN5IFF8" failures="0" tests="1" name="com.qa.test.Scenario1" time="64.307" errors="0" timestamp="2021-09-08T19:28:59 IST" skipped="0">
  <testcase classname="com.qa.test.Scenario1" name="testShoppingCart" time="64.307"/>
  <system-out/>
</testsuite> <!-- com.qa.test.Scenario1 -->
