<?xml version="1.0" encoding="UTF-8"?>
<!-- Generated by org.testng.reporters.JUnitReportReporter -->
<testsuite hostname="DESKTOP-HN5IFF8" failures="0" tests="1" name="com.test.App2" time="9.333" errors="0" timestamp="2021-10-16T20:14:37 IST" skipped="0">
  <testcase classname="com.test.App2" name="tc1" time="9.333"/>
  <system-out/>
</testsuite> <!-- com.test.App2 -->
