<?xml version="1.0" encoding="UTF-8"?>
<!-- Generated by org.testng.reporters.JUnitReportReporter -->
<testsuite hostname="DESKTOP-HN5IFF8" failures="0" tests="1" name="com.test.Scenario1" time="27.461" errors="0" timestamp="2021-09-13T11:11:04 IST" skipped="0">
  <testcase classname="com.test.Scenario1" name="testShoppingCart" time="27.461"/>
  <system-out/>
</testsuite> <!-- com.test.Scenario1 -->
