<?xml version="1.0" encoding="UTF-8"?>
<!-- Generated by org.testng.reporters.JUnitReportReporter -->
<testsuite hostname="DESKTOP-HN5IFF8" failures="0" tests="1" name="com.test.Scenario1" time="57.198" errors="0" timestamp="2021-09-13T10:53:40 IST" skipped="0">
  <testcase classname="com.test.Scenario1" name="testShoppingCart" time="57.198"/>
  <system-out/>
</testsuite> <!-- com.test.Scenario1 -->
