<?xml version="1.0" encoding="UTF-8"?>
<!-- Generated by org.testng.reporters.JUnitReportReporter -->
<testsuite hostname="DESKTOP-HN5IFF8" failures="0" tests="5" name="com.qa.apitest.Scenario3" time="11.501" errors="0" timestamp="2021-09-08T19:36:53 IST" skipped="0">
  <testcase classname="com.qa.apitest.Scenario3" name="invalidKeyPostStation_401" time="2.739"/>
  <system-out/>
  <testcase classname="com.qa.apitest.Scenario3" name="validatePostStation_201" time="1.279"/>
  <system-out/>
  <testcase classname="com.qa.apitest.Scenario3" name="validateGetStation" time="4.790"/>
  <system-out/>
  <testcase classname="com.qa.apitest.Scenario3" name="validateDeleteStation_204" time="1.480"/>
  <system-out/>
  <testcase classname="com.qa.apitest.Scenario3" name="validateDeleteStation_404" time="1.213"/>
  <system-out/>
</testsuite> <!-- com.qa.apitest.Scenario3 -->
