<?xml version="1.0" encoding="UTF-8"?>
<!-- Generated by org.testng.reporters.JUnitReportReporter -->
<testsuite hostname="DESKTOP-HN5IFF8" failures="0" tests="1" name="com.test.App" time="2.558" errors="0" timestamp="2021-09-17T15:12:24 IST" skipped="0">
  <testcase classname="com.test.App" name="getGames" time="2.558"/>
  <system-out/>
</testsuite> <!-- com.test.App -->
