<?xml version="1.0" encoding="UTF-8"?>
<!-- Generated by org.testng.reporters.JUnitReportReporter -->
<testsuite hostname="DESKTOP-HN5IFF8" failures="0" tests="5" name="com.test.Scenario3" time="7.050" errors="0" timestamp="2021-09-13T10:53:40 IST" skipped="0">
  <testcase classname="com.test.Scenario3" name="invalidKeyPostStation_401" time="2.293"/>
  <system-out/>
  <testcase classname="com.test.Scenario3" name="validatePostStation_201" time="1.267"/>
  <system-out/>
  <testcase classname="com.test.Scenario3" name="validateGetStation" time="1.179"/>
  <system-out/>
  <testcase classname="com.test.Scenario3" name="validateDeleteStation_204" time="1.135"/>
  <system-out/>
  <testcase classname="com.test.Scenario3" name="validateDeleteStation_404" time="1.176"/>
  <system-out/>
</testsuite> <!-- com.test.Scenario3 -->
